<?xml version="1.0" encoding="UTF-8"?>
<!-- Generated by org.testng.reporters.JUnitReportReporter -->
<testsuite skipped="0" hostname="AMARAHMA-IN" name="withBDD.PostResponse" tests="1" failures="0" timestamp="2020-07-12T21:08:55 IST" time="3.386" errors="0">
  <testcase name="validatePost" time="3.386" classname="withBDD.PostResponse"/>
  <system-out/>
</testsuite> <!-- withBDD.PostResponse -->
