<?xml version="1.0" encoding="UTF-8"?>
<!-- Generated by org.testng.reporters.JUnitReportReporter -->
<testsuite skipped="0" hostname="AMARAHMA-IN" name="withBDD.GetResponse" tests="1" failures="0" timestamp="2020-07-12T17:58:47 IST" time="4.024" errors="0">
  <testcase name="validateGet" time="4.024" classname="withBDD.GetResponse"/>
  <system-out/>
</testsuite> <!-- withBDD.GetResponse -->
