<?xml version="1.0" encoding="UTF-8"?>
<!-- Generated by org.testng.reporters.JUnitReportReporter -->
<testsuite skipped="0" hostname="AMARAHMA-IN" name="withoutBDD.PostResponse" tests="1" failures="0" timestamp="2020-07-12T20:55:27 IST" time="3.682" errors="0">
  <testcase name="validatePost" time="3.682" classname="withoutBDD.PostResponse"/>
  <system-out/>
</testsuite> <!-- withoutBDD.PostResponse -->
