<?xml version="1.0" encoding="UTF-8"?>
<!-- Generated by org.testng.reporters.JUnitReportReporter -->
<testsuite skipped="0" hostname="AMARAHMA-IN" name="withoutBDD.GetResponse" tests="1" failures="0" timestamp="2020-07-12T18:18:43 IST" time="2.663" errors="0">
  <testcase name="validateGet" time="2.663" classname="withoutBDD.GetResponse"/>
  <system-out/>
</testsuite> <!-- withoutBDD.GetResponse -->
