<?xml version="1.0" encoding="UTF-8"?>
<!-- Generated by org.testng.reporters.JUnitReportReporter -->
<testsuite skipped="0" hostname="AMARAHMA-IN" name="withoutBDD.RequestSpec$WithRequestSpecification" tests="1" failures="0" timestamp="2020-07-13T13:40:22 IST" time="2.727" errors="0">
  <testcase name="getBookingDetailsWithInvalidFirstName" time="2.727" classname="withoutBDD.RequestSpec$WithRequestSpecification"/>
  <system-out/>
</testsuite> <!-- withoutBDD.RequestSpec$WithRequestSpecification -->
