<?xml version="1.0" encoding="UTF-8"?>
<!-- Generated by org.testng.reporters.JUnitReportReporter -->
<testsuite skipped="0" hostname="AMARAHMA-IN" name="withBDD.RequestSpec$WithRequestSpecification" tests="2" failures="0" timestamp="2020-07-13T13:33:51 IST" time="0.160" errors="0">
  <testcase name="getBookingDetailsWithInvalidFirstName" time="0.018" classname="withBDD.RequestSpec$WithRequestSpecification"/>
  <system-out/>
  <testcase name="getAllBookings" time="0.142" classname="withBDD.RequestSpec$WithRequestSpecification"/>
  <system-out/>
</testsuite> <!-- withBDD.RequestSpec$WithRequestSpecification -->
