<?xml version="1.0" encoding="UTF-8"?>
<!-- Generated by org.testng.reporters.JUnitReportReporter -->
<testsuite skipped="0" hostname="AMARAHMA-IN" name="demoTests.NotepadTests" tests="2" failures="0" timestamp="2020-07-10T08:52:16 IST" time="12.661" errors="0">
  <testcase name="sendText" time="7.811" classname="demoTests.NotepadTests"/>
  <system-out/>
  <testcase name="checkVersion" time="4.850" classname="demoTests.NotepadTests"/>
  <system-out/>
</testsuite> <!-- demoTests.NotepadTests -->
