<?xml version="1.0" encoding="UTF-8"?>
<!-- Generated by org.testng.reporters.JUnitReportReporter -->
<testsuite skipped="0" hostname="AMARAHMA-IN" name="demoTests.NotepadTests" tests="2" failures="0" timestamp="2020-07-08T13:26:04 IST" time="3.464" errors="0">
  <testcase name="sendText" time="2.261" classname="demoTests.NotepadTests"/>
  <system-out/>
  <testcase name="checkVersion" time="1.203" classname="demoTests.NotepadTests"/>
  <system-out/>
</testsuite> <!-- demoTests.NotepadTests -->
