<?xml version="1.0" encoding="UTF-8"?>
<!-- Generated by org.testng.reporters.JUnitReportReporter -->
<testsuite skipped="0" hostname="AMARAHMA-IN" name="demoTests.NotepadTests" tests="1" failures="0" timestamp="2020-07-08T18:28:12 IST" time="6.976" errors="0">
  <testcase name="sendText" time="6.976" classname="demoTests.NotepadTests"/>
  <system-out/>
</testsuite> <!-- demoTests.NotepadTests -->
