<?xml version="1.0" encoding="UTF-8"?>
<!-- Generated by org.testng.reporters.JUnitReportReporter -->
<testsuite skipped="0" hostname="AMARAHMA-IN" name="demoTests.NotepadTests" tests="1" failures="0" timestamp="2020-07-07T20:06:04 IST" time="1.624" errors="0">
  <testcase name="checkVersion" time="1.624" classname="demoTests.NotepadTests"/>
  <system-out/>
</testsuite> <!-- demoTests.NotepadTests -->
