<?xml version="1.0" encoding="UTF-8"?>
<!-- Generated by org.testng.reporters.JUnitReportReporter -->
<testsuite skipped="0" hostname="AMARAHMA-IN" name="demoTests.CalculatorTests" tests="1" failures="0" timestamp="2020-07-10T08:53:33 IST" time="6.510" errors="0">
  <testcase name="checkSwap" time="6.510" classname="demoTests.CalculatorTests"/>
  <system-out/>
</testsuite> <!-- demoTests.CalculatorTests -->
