<?xml version="1.0" encoding="UTF-8"?>
<!-- Generated by org.testng.reporters.JUnitReportReporter -->
<testsuite skipped="0" hostname="AMARAHMA-IN" name="demoTests.NotepadTests" tests="2" failures="0" timestamp="2020-07-08T12:46:52 IST" time="4.333" errors="0">
  <testcase name="sendText" time="3.079" classname="demoTests.NotepadTests"/>
  <system-out/>
  <testcase name="checkVersion" time="1.254" classname="demoTests.NotepadTests"/>
  <system-out/>
</testsuite> <!-- demoTests.NotepadTests -->
