<?xml version="1.0" encoding="UTF-8"?>
<!-- Generated by org.testng.reporters.JUnitReportReporter -->
<testsuite skipped="0" hostname="AMARAHMA-IN" name="testScripts.GoogleTests" tests="1" failures="0" timestamp="2020-06-06T18:06:26 IST" time="21.234" errors="0">
  <testcase name="PopularityCheck" time="21.234" classname="testScripts.GoogleTests"/>
  <system-out/>
</testsuite> <!-- testScripts.GoogleTests -->
