<?xml version="1.0" encoding="UTF-8"?>
<!-- Generated by org.testng.reporters.JUnitReportReporter -->
<testsuite skipped="0" hostname="AMARAHMA-IN" name="testScripts.GoogleTests" tests="2" failures="0" timestamp="2020-06-14T13:15:42 IST" time="24.640" errors="0">
  <testcase name="PopularityCheck" time="12.301" classname="testScripts.GoogleTests"/>
  <system-out/>
  <testcase name="DoodleDay" time="12.339" classname="testScripts.GoogleTests"/>
  <system-out/>
</testsuite> <!-- testScripts.GoogleTests -->
